2025-04-20T14:13:53: Server is running on http://localhost:4000
2025-04-20T14:14:09: Server is running on http://localhost:4000
2025-04-20T14:14:33: 2025-04-20T05:14:33.375Z - GET /api/stores
2025-04-20T14:14:33: Fetching store data...
2025-04-20T14:14:37: Returning 15 stores with inventory data
2025-04-20T14:14:37: 2025-04-20T05:14:37.788Z - GET /api/stores
2025-04-20T14:14:37: Fetching store data...
2025-04-20T14:14:39: Returning 15 stores with inventory data
2025-04-20T14:14:39: 2025-04-20T05:14:39.947Z - GET /api/stores
2025-04-20T14:14:39: Fetching store data...
2025-04-20T14:14:41: Returning 15 stores with inventory data
2025-04-20T14:14:42: 2025-04-20T05:14:42.833Z - GET /api/stores
2025-04-20T14:14:42: Fetching store data...
2025-04-20T14:14:44: Returning 15 stores with inventory data
2025-04-20T14:15:10: 2025-04-20T05:15:10.468Z - GET /api/stores
2025-04-20T14:15:10: Fetching store data...
2025-04-20T14:15:12: Returning 15 stores with inventory data
2025-04-20T14:15:16: 2025-04-20T05:15:16.812Z - GET /
2025-04-20T14:17:43: 2025-04-20T05:17:43.840Z - GET /api/stores
2025-04-20T14:17:43: Fetching store data...
2025-04-20T14:17:45: Returning 15 stores with inventory data
2025-04-20T14:17:45: 2025-04-20T05:17:45.179Z - GET /api/stores
2025-04-20T14:17:45: Fetching store data...
2025-04-20T14:17:46: Returning 15 stores with inventory data
2025-04-20T14:17:46: 2025-04-20T05:17:46.623Z - GET /api/stores
2025-04-20T14:17:46: Fetching store data...
2025-04-20T14:17:48: Returning 15 stores with inventory data
2025-04-20T14:17:48: 2025-04-20T05:17:48.034Z - GET /api/stores
2025-04-20T14:17:48: Fetching store data...
2025-04-20T14:17:49: Returning 15 stores with inventory data
2025-04-20T14:17:53: 2025-04-20T05:17:53.902Z - GET /api/stores
2025-04-20T14:17:53: Fetching store data...
2025-04-20T14:17:55: Returning 15 stores with inventory data
2025-04-20T14:17:55: 2025-04-20T05:17:55.388Z - GET /api/stores
2025-04-20T14:17:55: Fetching store data...
2025-04-20T14:17:56: Returning 15 stores with inventory data
2025-04-20T14:17:56: 2025-04-20T05:17:56.810Z - GET /api/stores
2025-04-20T14:17:56: Fetching store data...
2025-04-20T14:17:58: Returning 15 stores with inventory data
2025-04-20T14:17:58: 2025-04-20T05:17:58.113Z - GET /api/stores
2025-04-20T14:17:58: Fetching store data...
2025-04-20T14:17:59: Returning 15 stores with inventory data
2025-04-20T14:17:59: 2025-04-20T05:17:59.252Z - GET /api/stores
2025-04-20T14:17:59: Fetching store data...
2025-04-20T14:18:00: Returning 15 stores with inventory data
2025-04-20T14:18:00: 2025-04-20T05:18:00.567Z - GET /api/stores
2025-04-20T14:18:00: Fetching store data...
2025-04-20T14:18:01: Returning 15 stores with inventory data
2025-04-20T14:18:02: 2025-04-20T05:18:02.000Z - GET /api/stores
2025-04-20T14:18:02: Fetching store data...
2025-04-20T14:18:03: Returning 15 stores with inventory data
2025-04-20T14:18:03: 2025-04-20T05:18:03.262Z - GET /api/stores
2025-04-20T14:18:03: Fetching store data...
2025-04-20T14:18:04: Returning 15 stores with inventory data
2025-04-20T14:18:04: 2025-04-20T05:18:04.564Z - GET /api/stores
2025-04-20T14:18:04: Fetching store data...
2025-04-20T14:18:05: Returning 15 stores with inventory data
2025-04-20T14:18:05: 2025-04-20T05:18:05.917Z - GET /api/stores
2025-04-20T14:18:05: Fetching store data...
2025-04-20T14:18:07: Returning 15 stores with inventory data
2025-04-20T14:18:07: 2025-04-20T05:18:07.176Z - GET /api/stores
2025-04-20T14:18:07: Fetching store data...
2025-04-20T14:18:08: Returning 15 stores with inventory data
2025-04-20T14:18:08: 2025-04-20T05:18:08.418Z - GET /api/stores
2025-04-20T14:18:08: Fetching store data...
2025-04-20T14:18:09: Returning 15 stores with inventory data
2025-04-20T14:18:09: 2025-04-20T05:18:09.814Z - GET /api/stores
2025-04-20T14:18:09: Fetching store data...
2025-04-20T14:18:11: Returning 15 stores with inventory data
2025-04-20T14:18:11: 2025-04-20T05:18:11.218Z - GET /api/stores
2025-04-20T14:18:11: Fetching store data...
2025-04-20T14:18:12: Returning 15 stores with inventory data
2025-04-20T14:35:39: Server is running on http://localhost:4000
2025-04-20T14:35:52: 2025-04-20T05:35:52.023Z - GET /api/stores
2025-04-20T14:35:52: Fetching store data...
2025-04-20T14:35:56: Returning 86 stores with inventory data
2025-04-20T14:40:28: 2025-04-20T05:40:28.557Z - GET /api/stores
2025-04-20T14:40:28: Fetching store data...
2025-04-20T14:40:30: Returning 86 stores with inventory data
2025-04-20T14:40:58: 2025-04-20T05:40:58.486Z - GET /api/stores
2025-04-20T14:40:58: Fetching store data...
2025-04-20T14:41:00: Returning 86 stores with inventory data
2025-04-20T14:41:06: 2025-04-20T05:41:06.672Z - GET /api/stores
2025-04-20T14:41:06: Fetching store data...
2025-04-20T14:41:08: Returning 86 stores with inventory data
2025-04-20T14:43:56: 2025-04-20T05:43:56.062Z - GET /api/stores
2025-04-20T14:43:56: Fetching store data...
2025-04-20T14:43:57: Returning 86 stores with inventory data
2025-04-20T14:43:58: 2025-04-20T05:43:58.437Z - GET /api/stores
2025-04-20T14:43:58: Fetching store data...
2025-04-20T14:43:59: Returning 86 stores with inventory data
2025-04-20T15:05:25: Server is running on http://localhost:4000
2025-04-20T15:05:47: 2025-04-20T06:05:47.542Z - GET /api/stores
2025-04-20T15:05:47: Fetching store data...
2025-04-20T15:05:49: Returning 334 stores with inventory data (only active stores)
2025-04-20T15:05:49: 2025-04-20T06:05:49.427Z - GET /api/stores
2025-04-20T15:05:49: Fetching store data...
2025-04-20T15:05:50: Returning 334 stores with inventory data (only active stores)
2025-04-20T15:08:58: 2025-04-20T06:08:58.817Z - GET /api/stores
2025-04-20T15:08:58: Fetching store data...
2025-04-20T15:09:00: Returning 334 stores with inventory data (only active stores)
2025-04-20T15:09:00: 2025-04-20T06:09:00.340Z - GET /api/stores
2025-04-20T15:09:00: Fetching store data...
2025-04-20T15:09:01: Returning 334 stores with inventory data (only active stores)
2025-04-20T15:10:05: 2025-04-20T06:10:05.460Z - GET /api/stores
2025-04-20T15:10:05: Fetching store data...
2025-04-20T15:10:06: Returning 334 stores with inventory data (only active stores)
2025-04-20T15:10:06: 2025-04-20T06:10:06.986Z - GET /api/stores
2025-04-20T15:10:06: Fetching store data...
2025-04-20T15:10:08: Returning 334 stores with inventory data (only active stores)
2025-04-20T15:14:39: 2025-04-20T06:14:39.476Z - GET /api/stores
2025-04-20T15:14:39: Fetching store data...
2025-04-20T15:14:41: Returning 334 stores with inventory data (only active stores)
2025-04-20T15:17:16: 2025-04-20T06:17:16.593Z - GET /
2025-04-20T15:17:16: 2025-04-20T06:17:16.636Z - GET /favicon.ico
2025-04-20T15:49:30: 2025-04-20T06:49:30.771Z - GET /api/stores
2025-04-20T15:49:30: Fetching store data...
2025-04-20T15:49:34: Returning 334 stores with inventory data (only active stores)
2025-04-20T15:49:34: 2025-04-20T06:49:34.885Z - GET /api/stores
2025-04-20T15:49:34: Fetching store data...
2025-04-20T15:49:35: Returning 334 stores with inventory data (only active stores)
2025-04-20T15:50:04: 2025-04-20T06:50:04.192Z - GET /api/stores
2025-04-20T15:50:04: Fetching store data...
2025-04-20T15:50:05: Returning 334 stores with inventory data (only active stores)
2025-04-20T15:50:05: 2025-04-20T06:50:05.492Z - GET /api/stores
2025-04-20T15:50:05: Fetching store data...
2025-04-20T15:50:06: Returning 334 stores with inventory data (only active stores)
2025-04-20T15:56:04: 2025-04-20T06:56:04.058Z - GET /api/stores
2025-04-20T15:56:04: Fetching store data...
2025-04-20T15:56:08: Returning 334 stores with inventory data (only active stores)
2025-04-20T15:56:08: 2025-04-20T06:56:08.120Z - GET /api/stores
2025-04-20T15:56:08: Fetching store data...
2025-04-20T15:56:09: Returning 334 stores with inventory data (only active stores)
2025-04-20T15:59:25: 2025-04-20T06:59:25.029Z - GET /api/stores
2025-04-20T15:59:25: Fetching store data...
2025-04-20T15:59:26: Returning 334 stores with inventory data (only active stores)
2025-04-20T15:59:26: 2025-04-20T06:59:26.628Z - GET /api/stores
2025-04-20T15:59:26: Fetching store data...
2025-04-20T15:59:27: Returning 334 stores with inventory data (only active stores)
2025-04-20T16:04:59: 2025-04-20T07:04:59.959Z - GET /api/stores
2025-04-20T16:04:59: Fetching store data...
2025-04-20T16:05:04: Returning 334 stores with inventory data (only active stores)
2025-04-20T16:05:04: 2025-04-20T07:05:04.301Z - GET /api/stores
2025-04-20T16:05:04: Fetching store data...
2025-04-20T16:05:05: Returning 334 stores with inventory data (only active stores)
2025-04-20T16:05:20: 2025-04-20T07:05:20.892Z - GET /api/stores
2025-04-20T16:05:20: Fetching store data...
2025-04-20T16:05:22: Returning 334 stores with inventory data (only active stores)
2025-04-20T16:05:22: 2025-04-20T07:05:22.161Z - GET /api/stores
2025-04-20T16:05:22: Fetching store data...
2025-04-20T16:05:23: Returning 334 stores with inventory data (only active stores)
2025-04-20T16:07:20: 2025-04-20T07:07:20.662Z - GET /api/stores
2025-04-20T16:07:20: Fetching store data...
2025-04-20T16:07:22: Returning 334 stores with inventory data (only active stores)
2025-04-20T16:07:22: 2025-04-20T07:07:22.110Z - GET /api/stores
2025-04-20T16:07:22: Fetching store data...
2025-04-20T16:07:23: Returning 334 stores with inventory data (only active stores)
2025-04-20T16:08:44: 2025-04-20T07:08:44.284Z - GET /api/stores
2025-04-20T16:08:44: Fetching store data...
2025-04-20T16:08:45: Returning 334 stores with inventory data (only active stores)
2025-04-20T16:08:45: 2025-04-20T07:08:45.736Z - GET /api/stores
2025-04-20T16:08:45: Fetching store data...
2025-04-20T16:08:46: Returning 334 stores with inventory data (only active stores)
2025-04-20T16:11:13: 2025-04-20T07:11:13.798Z - GET /api/stores
2025-04-20T16:11:13: Fetching store data...
2025-04-20T16:11:15: Returning 334 stores with inventory data (only active stores)
2025-04-20T16:11:15: 2025-04-20T07:11:15.749Z - GET /api/stores
2025-04-20T16:11:15: Fetching store data...
2025-04-20T16:11:16: Returning 334 stores with inventory data (only active stores)
2025-04-20T16:15:42: 2025-04-20T07:15:42.546Z - GET /api/stores
2025-04-20T16:15:42: Fetching store data...
2025-04-20T16:15:43: Returning 334 stores with inventory data (only active stores)
2025-04-20T16:15:43: 2025-04-20T07:15:43.828Z - GET /api/stores
2025-04-20T16:15:43: Fetching store data...
2025-04-20T16:15:45: Returning 334 stores with inventory data (only active stores)
2025-04-20T16:22:21: 2025-04-20T07:22:21.169Z - GET /api/stores
2025-04-20T16:22:21: Fetching store data...
2025-04-20T16:22:22: Returning 334 stores with inventory data (only active stores)
2025-04-20T16:22:22: 2025-04-20T07:22:22.773Z - GET /api/stores
2025-04-20T16:22:22: Fetching store data...
2025-04-20T16:22:24: Returning 334 stores with inventory data (only active stores)
2025-04-20T16:23:05: 2025-04-20T07:23:05.011Z - GET /api/stores
2025-04-20T16:23:05: Fetching store data...
2025-04-20T16:23:06: Returning 334 stores with inventory data (only active stores)
2025-04-20T16:23:20: 2025-04-20T07:23:20.376Z - GET /api/models
2025-04-20T16:23:20: 2025-04-20T07:23:20.381Z - GET /api/stores
2025-04-20T16:23:20: Fetching store data...
2025-04-20T16:23:21: Returning 334 stores with inventory data (only active stores)
2025-04-20T16:24:12: 2025-04-20T07:24:12.265Z - GET /api/stores
2025-04-20T16:24:12: Fetching store data...
2025-04-20T16:24:13: Returning 334 stores with inventory data (only active stores)
2025-04-20T16:24:13: 2025-04-20T07:24:13.909Z - GET /api/stores
2025-04-20T16:24:13: Fetching store data...
2025-04-20T16:24:14: 2025-04-20T07:24:14.215Z - GET /api/models
2025-04-20T16:24:15: Returning 334 stores with inventory data (only active stores)
