0 verbose cli C:\Program Files\nodejs\node.exe C:\Program Files\nodejs\node_modules\npm\bin\npm-cli.js
1 info using npm@10.7.0
2 info using node@v20.15.0
3 silly config:load:file:C:\Program Files\nodejs\node_modules\npm\npmrc
4 silly config:load:file:C:\Users\s0105\OneDrive\바탕 화면\jegomap2\.npmrc
5 silly config:load:file:C:\Users\s0105\.npmrc
6 silly config:load:file:C:\Users\s0105\AppData\Roaming\npm\etc\npmrc
7 verbose title npm install exceljs
8 verbose argv "install" "exceljs"
9 verbose logfile logs-max:10 dir:C:\Users\s0105\OneDrive\바탕 화면\jegomap2\.npm-cache\_logs\2025-07-21T19_43_45_696Z-
10 verbose logfile C:\Users\s0105\OneDrive\바탕 화면\jegomap2\.npm-cache\_logs\2025-07-21T19_43_45_696Z-debug-0.log
11 silly logfile done cleaning log files
12 silly idealTree buildDeps
13 silly fetch manifest exceljs@*
14 http fetch GET 200 https://registry.npmjs.org/exceljs 758ms (cache miss)
15 silly placeDep ROOT exceljs@4.4.0 OK for: (주)브이아이피플러스@1.0.0 want: *
16 silly fetch manifest tmp@^0.2.0
17 silly fetch manifest dayjs@^1.8.34
18 silly fetch manifest jszip@^3.10.1
19 silly fetch manifest archiver@^5.0.0
20 silly fetch manifest fast-csv@^4.3.1
21 silly fetch manifest unzipper@^0.10.11
22 http fetch GET 200 https://registry.npmjs.org/tmp 52ms (cache miss)
23 http fetch GET 200 https://registry.npmjs.org/archiver 76ms (cache miss)
24 http fetch GET 200 https://registry.npmjs.org/dayjs 97ms (cache miss)
25 http fetch GET 200 https://registry.npmjs.org/jszip 122ms (cache miss)
26 http fetch GET 200 https://registry.npmjs.org/fast-csv 534ms (cache miss)
27 http fetch GET 200 https://registry.npmjs.org/unzipper 551ms (cache miss)
28 silly placeDep ROOT archiver@5.3.2 OK for: exceljs@4.4.0 want: ^5.0.0
29 silly placeDep ROOT dayjs@1.11.13 OK for: exceljs@4.4.0 want: ^1.8.34
30 silly placeDep ROOT fast-csv@4.3.6 OK for: exceljs@4.4.0 want: ^4.3.1
31 silly placeDep ROOT jszip@3.10.1 OK for: exceljs@4.4.0 want: ^3.10.1
32 silly placeDep ROOT tmp@0.2.3 OK for: exceljs@4.4.0 want: ^0.2.0
33 silly placeDep ROOT unzipper@0.10.14 OK for: exceljs@4.4.0 want: ^0.10.11
34 silly fetch manifest archiver-utils@^2.1.0
35 silly fetch manifest buffer-crc32@^0.2.1
36 silly fetch manifest readdir-glob@^1.1.2
37 silly fetch manifest tar-stream@^2.2.0
38 silly fetch manifest zip-stream@^4.1.0
39 silly fetch manifest @fast-csv/parse@4.3.6
40 silly fetch manifest @fast-csv/format@4.3.5
41 http fetch GET 200 https://registry.npmjs.org/archiver-utils 52ms (cache miss)
42 silly fetch manifest lie@~3.3.0
43 http fetch GET 200 https://registry.npmjs.org/zip-stream 57ms (cache miss)
44 silly fetch manifest pako@~1.0.2
45 http fetch GET 200 https://registry.npmjs.org/readdir-glob 63ms (cache miss)
46 silly fetch manifest setimmediate@^1.0.5
47 http fetch GET 200 https://registry.npmjs.org/buffer-crc32 68ms (cache miss)
48 silly fetch manifest readable-stream@~2.3.6
49 http fetch GET 200 https://registry.npmjs.org/tar-stream 71ms (cache miss)
50 silly fetch manifest binary@~0.3.0
51 http fetch GET 200 https://registry.npmjs.org/setimmediate 56ms (cache miss)
52 silly fetch manifest fstream@^1.0.12
53 http fetch GET 200 https://registry.npmjs.org/binary 51ms (cache miss)
54 silly fetch manifest bluebird@~3.4.1
55 http fetch GET 200 https://registry.npmjs.org/lie 84ms (cache miss)
56 silly fetch manifest duplexer2@~0.1.4
57 http fetch GET 200 https://registry.npmjs.org/readable-stream 73ms (cache miss)
58 silly fetch manifest big-integer@^1.6.17
59 http fetch GET 200 https://registry.npmjs.org/big-integer 100ms (cache miss)
60 silly fetch manifest setimmediate@~1.0.4
61 silly fetch manifest listenercount@~1.0.1
62 http fetch GET 200 https://registry.npmjs.org/bluebird 124ms (cache miss)
63 silly fetch manifest buffer-indexof-polyfill@~1.0.0
64 http fetch GET 200 https://registry.npmjs.org/pako 548ms (cache miss)
65 http fetch GET 200 https://registry.npmjs.org/fstream 495ms (cache miss)
66 http fetch GET 200 https://registry.npmjs.org/duplexer2 505ms (cache miss)
67 http fetch GET 200 https://registry.npmjs.org/listenercount 498ms (cache miss)
68 http fetch GET 200 https://registry.npmjs.org/buffer-indexof-polyfill 528ms (cache miss)
69 http fetch GET 200 https://registry.npmjs.org/@fast-csv%2fparse 1214ms (cache miss)
70 http fetch GET 200 https://registry.npmjs.org/@fast-csv%2fformat 1264ms (cache miss)
71 silly placeDep ROOT archiver-utils@2.1.0 OK for: archiver@5.3.2 want: ^2.1.0
72 silly placeDep ROOT buffer-crc32@0.2.13 OK for: archiver@5.3.2 want: ^0.2.1
73 silly placeDep ROOT readdir-glob@1.1.3 OK for: archiver@5.3.2 want: ^1.1.2
74 silly placeDep ROOT tar-stream@2.2.0 OK for: archiver@5.3.2 want: ^2.2.0
75 silly placeDep ROOT zip-stream@4.1.1 OK for: archiver@5.3.2 want: ^4.1.0
76 silly fetch manifest lazystream@^1.0.0
77 silly fetch manifest lodash.defaults@^4.2.0
78 silly fetch manifest lodash.difference@^4.5.0
79 silly fetch manifest lodash.flatten@^4.4.0
80 silly fetch manifest lodash.isplainobject@^4.0.6
81 silly fetch manifest lodash.union@^4.6.0
82 silly fetch manifest readable-stream@^2.0.0
83 silly fetch manifest minimatch@^5.1.0
84 http fetch GET 200 https://registry.npmjs.org/minimatch 26ms (cache stale)
85 silly fetch manifest bl@^4.0.3
86 http fetch GET 200 https://registry.npmjs.org/lazystream 63ms (cache miss)
87 silly fetch manifest end-of-stream@^1.4.1
88 http fetch GET 200 https://registry.npmjs.org/lodash.defaults 64ms (cache miss)
89 silly fetch manifest fs-constants@^1.0.0
90 http fetch GET 200 https://registry.npmjs.org/lodash.flatten 68ms (cache miss)
91 silly fetch manifest archiver-utils@^3.0.4
92 silly fetch manifest compress-commons@^4.1.2
93 http fetch GET 200 https://registry.npmjs.org/lodash.isplainobject 71ms (cache miss)
94 http fetch GET 200 https://registry.npmjs.org/bl 49ms (cache miss)
95 http fetch GET 200 https://registry.npmjs.org/end-of-stream 44ms (cache miss)
96 http fetch GET 200 https://registry.npmjs.org/fs-constants 48ms (cache miss)
97 http fetch GET 200 https://registry.npmjs.org/lodash.difference 484ms (cache miss)
98 http fetch GET 200 https://registry.npmjs.org/lodash.union 489ms (cache miss)
99 http fetch GET 200 https://registry.npmjs.org/compress-commons 572ms (cache miss)
100 silly placeDep ROOT lazystream@1.0.1 OK for: archiver-utils@2.1.0 want: ^1.0.0
101 silly placeDep ROOT lodash.defaults@4.2.0 OK for: archiver-utils@2.1.0 want: ^4.2.0
102 silly placeDep ROOT lodash.difference@4.5.0 OK for: archiver-utils@2.1.0 want: ^4.5.0
103 silly placeDep ROOT lodash.flatten@4.4.0 OK for: archiver-utils@2.1.0 want: ^4.4.0
104 silly placeDep ROOT lodash.isplainobject@4.0.6 OK for: archiver-utils@2.1.0 want: ^4.0.6
105 silly placeDep ROOT lodash.union@4.6.0 OK for: archiver-utils@2.1.0 want: ^4.6.0
106 silly placeDep node_modules/archiver-utils readable-stream@2.3.8 OK for: archiver-utils@2.1.0 want: ^2.0.0
107 silly fetch manifest readable-stream@^2.0.5
108 silly fetch manifest isarray@~1.0.0
109 silly fetch manifest safe-buffer@~5.1.1
110 silly fetch manifest string_decoder@~1.1.1
111 http fetch GET 200 https://registry.npmjs.org/safe-buffer 44ms (cache miss)
112 http fetch GET 200 https://registry.npmjs.org/isarray 51ms (cache miss)
113 http fetch GET 200 https://registry.npmjs.org/string_decoder 50ms (cache miss)
114 silly placeDep ROOT @fast-csv/format@4.3.5 OK for: fast-csv@4.3.6 want: 4.3.5
115 silly placeDep ROOT @fast-csv/parse@4.3.6 OK for: fast-csv@4.3.6 want: 4.3.6
116 silly fetch manifest @types/node@^14.0.1
117 silly fetch manifest lodash.isnil@^4.0.0
118 silly fetch manifest lodash.isequal@^4.5.0
119 silly fetch manifest lodash.isboolean@^3.0.3
120 silly fetch manifest lodash.isfunction@^3.0.9
121 silly fetch manifest lodash.escaperegexp@^4.1.2
122 http fetch GET 200 https://registry.npmjs.org/lodash.isboolean 47ms (cache miss)
123 http fetch GET 200 https://registry.npmjs.org/lodash.isequal 53ms (cache miss)
124 silly fetch manifest lodash.groupby@^4.6.0
125 http fetch GET 200 https://registry.npmjs.org/@types%2fnode 183ms (cache miss)
126 silly fetch manifest lodash.isundefined@^3.0.1
127 http fetch GET 200 https://registry.npmjs.org/lodash.escaperegexp 485ms (cache miss)
128 http fetch GET 200 https://registry.npmjs.org/lodash.isnil 489ms (cache miss)
129 http fetch GET 200 https://registry.npmjs.org/lodash.isfunction 488ms (cache miss)
130 http fetch GET 200 https://registry.npmjs.org/lodash.groupby 547ms (cache miss)
131 http fetch GET 200 https://registry.npmjs.org/lodash.isundefined 509ms (cache miss)
132 silly placeDep node_modules/@fast-csv/format @types/node@14.18.63 OK for: @fast-csv/format@4.3.5 want: ^14.0.1
133 silly placeDep ROOT lodash.escaperegexp@4.1.2 OK for: @fast-csv/format@4.3.5 want: ^4.1.2
134 silly placeDep ROOT lodash.isboolean@3.0.3 OK for: @fast-csv/format@4.3.5 want: ^3.0.3
135 silly placeDep ROOT lodash.isequal@4.5.0 OK for: @fast-csv/format@4.3.5 want: ^4.5.0
136 silly placeDep ROOT lodash.isfunction@3.0.9 OK for: @fast-csv/format@4.3.5 want: ^3.0.9
137 silly placeDep ROOT lodash.isnil@4.0.0 OK for: @fast-csv/format@4.3.5 want: ^4.0.0
138 silly placeDep node_modules/@fast-csv/parse @types/node@14.18.63 OK for: @fast-csv/parse@4.3.6 want: ^14.0.1
139 silly placeDep ROOT lodash.groupby@4.6.0 OK for: @fast-csv/parse@4.3.6 want: ^4.6.0
140 silly placeDep ROOT lodash.isundefined@3.0.1 OK for: @fast-csv/parse@4.3.6 want: ^3.0.1
141 silly placeDep ROOT lie@3.3.0 OK for: jszip@3.10.1 want: ~3.3.0
142 silly placeDep ROOT pako@1.0.11 OK for: jszip@3.10.1 want: ~1.0.2
143 silly placeDep node_modules/jszip readable-stream@2.3.8 OK for: jszip@3.10.1 want: ~2.3.6
144 silly placeDep ROOT setimmediate@1.0.5 OK for: jszip@3.10.1 want: ^1.0.5
145 silly fetch manifest immediate@~3.0.5
146 http fetch GET 200 https://registry.npmjs.org/immediate 47ms (cache miss)
147 silly placeDep node_modules/lazystream readable-stream@2.3.8 OK for: lazystream@1.0.1 want: ^2.0.5
148 silly placeDep ROOT immediate@3.0.6 OK for: lie@3.3.0 want: ~3.0.5
149 silly placeDep node_modules/readdir-glob minimatch@5.1.6 OK for: readdir-glob@1.1.3 want: ^5.1.0
150 silly fetch manifest brace-expansion@^2.0.1
151 http fetch GET 200 https://registry.npmjs.org/brace-expansion 14ms (cache stale)
152 silly placeDep ROOT bl@4.1.0 OK for: tar-stream@2.2.0 want: ^4.0.3
153 silly placeDep ROOT end-of-stream@1.4.5 OK for: tar-stream@2.2.0 want: ^1.4.1
154 silly placeDep ROOT fs-constants@1.0.0 OK for: tar-stream@2.2.0 want: ^1.0.0
155 silly fetch manifest buffer@^5.5.0
156 http fetch GET 200 https://registry.npmjs.org/buffer 41ms (cache miss)
157 silly placeDep node_modules/bl buffer@5.7.1 OK for: bl@4.1.0 want: ^5.5.0
158 silly placeDep ROOT big-integer@1.6.52 OK for: unzipper@0.10.14 want: ^1.6.17
159 silly placeDep ROOT binary@0.3.0 OK for: unzipper@0.10.14 want: ~0.3.0
160 silly placeDep node_modules/unzipper bluebird@3.4.7 OK for: unzipper@0.10.14 want: ~3.4.1
161 silly placeDep ROOT buffer-indexof-polyfill@1.0.2 OK for: unzipper@0.10.14 want: ~1.0.0
162 silly placeDep ROOT duplexer2@0.1.4 OK for: unzipper@0.10.14 want: ~0.1.4
163 silly placeDep ROOT fstream@1.0.12 OK for: unzipper@0.10.14 want: ^1.0.12
164 silly placeDep ROOT listenercount@1.0.1 OK for: unzipper@0.10.14 want: ~1.0.1
165 silly placeDep node_modules/unzipper readable-stream@2.3.8 OK for: unzipper@0.10.14 want: ~2.3.6
166 silly fetch manifest chainsaw@~0.1.0
167 silly fetch manifest buffers@~0.1.1
168 silly fetch manifest readable-stream@^2.0.2
169 silly fetch manifest rimraf@2
170 http fetch GET 200 https://registry.npmjs.org/chainsaw 54ms (cache miss)
171 http fetch GET 200 https://registry.npmjs.org/rimraf 52ms (cache miss)
172 http fetch GET 200 https://registry.npmjs.org/buffers 56ms (cache miss)
173 silly placeDep ROOT buffers@0.1.1 OK for: binary@0.3.0 want: ~0.1.1
174 silly placeDep ROOT chainsaw@0.1.0 OK for: binary@0.3.0 want: ~0.1.0
175 silly fetch manifest traverse@>=0.3.0 <0.4
176 http fetch GET 200 https://registry.npmjs.org/traverse 42ms (cache miss)
177 silly placeDep ROOT traverse@0.3.9 OK for: chainsaw@0.1.0 want: >=0.3.0 <0.4
178 silly placeDep node_modules/duplexer2 readable-stream@2.3.8 OK for: duplexer2@0.1.4 want: ^2.0.2
179 silly placeDep node_modules/fstream rimraf@2.7.1 OK for: fstream@1.0.12 want: 2
180 silly placeDep node_modules/zip-stream archiver-utils@3.0.4 OK for: zip-stream@4.1.1 want: ^3.0.4
181 silly placeDep ROOT compress-commons@4.1.2 OK for: zip-stream@4.1.1 want: ^4.1.2
182 silly fetch manifest crc32-stream@^4.0.2
183 http fetch GET 200 https://registry.npmjs.org/crc32-stream 54ms (cache miss)
184 silly placeDep ROOT crc32-stream@4.0.3 OK for: compress-commons@4.1.2 want: ^4.0.2
185 silly placeDep node_modules/archiver-utils isarray@1.0.0 OK for: readable-stream@2.3.8 want: ~1.0.0
186 silly placeDep node_modules/archiver-utils safe-buffer@5.1.2 OK for: readable-stream@2.3.8 want: ~5.1.1
187 silly placeDep node_modules/archiver-utils string_decoder@1.1.1 OK for: readable-stream@2.3.8 want: ~1.1.1
188 silly placeDep node_modules/duplexer2 isarray@1.0.0 OK for: readable-stream@2.3.8 want: ~1.0.0
189 silly placeDep node_modules/duplexer2 safe-buffer@5.1.2 OK for: readable-stream@2.3.8 want: ~5.1.1
190 silly placeDep node_modules/duplexer2 string_decoder@1.1.1 OK for: readable-stream@2.3.8 want: ~1.1.1
191 silly placeDep node_modules/jszip isarray@1.0.0 OK for: readable-stream@2.3.8 want: ~1.0.0
192 silly placeDep node_modules/jszip safe-buffer@5.1.2 OK for: readable-stream@2.3.8 want: ~5.1.1
193 silly placeDep node_modules/jszip string_decoder@1.1.1 OK for: readable-stream@2.3.8 want: ~1.1.1
194 silly placeDep node_modules/lazystream isarray@1.0.0 OK for: readable-stream@2.3.8 want: ~1.0.0
195 silly placeDep node_modules/lazystream safe-buffer@5.1.2 OK for: readable-stream@2.3.8 want: ~5.1.1
196 silly placeDep node_modules/lazystream string_decoder@1.1.1 OK for: readable-stream@2.3.8 want: ~1.1.1
197 silly placeDep node_modules/readdir-glob brace-expansion@2.0.2 OK for: minimatch@5.1.6 want: ^2.0.1
198 silly placeDep node_modules/unzipper isarray@1.0.0 OK for: readable-stream@2.3.8 want: ~1.0.0
199 silly placeDep node_modules/unzipper safe-buffer@5.1.2 OK for: readable-stream@2.3.8 want: ~5.1.1
200 silly placeDep node_modules/unzipper string_decoder@1.1.1 OK for: readable-stream@2.3.8 want: ~1.1.1
201 silly reify moves {}
202 verbose reify failed optional dependency C:\Users\s0105\OneDrive\바탕 화면\jegomap2\node_modules\fsevents
203 silly reify mark deleted [
203 silly reify   'C:\\Users\\s0105\\OneDrive\\바탕 화면\\jegomap2\\node_modules\\fsevents'
203 silly reify ]
204 silly tarball no local data for compress-commons@https://registry.npmjs.org/compress-commons/-/compress-commons-4.1.2.tgz. Extracting by manifest.
205 silly tarball no local data for crc32-stream@https://registry.npmjs.org/crc32-stream/-/crc32-stream-4.0.3.tgz. Extracting by manifest.
206 silly tarball no local data for chainsaw@https://registry.npmjs.org/chainsaw/-/chainsaw-0.1.0.tgz. Extracting by manifest.
207 silly tarball no local data for listenercount@https://registry.npmjs.org/listenercount/-/listenercount-1.0.1.tgz. Extracting by manifest.
208 silly tarball no local data for buffers@https://registry.npmjs.org/buffers/-/buffers-0.1.1.tgz. Extracting by manifest.
209 silly tarball no local data for buffer-indexof-polyfill@https://registry.npmjs.org/buffer-indexof-polyfill/-/buffer-indexof-polyfill-1.0.2.tgz. Extracting by manifest.
210 silly tarball no local data for fstream@https://registry.npmjs.org/fstream/-/fstream-1.0.12.tgz. Extracting by manifest.
211 silly tarball no local data for duplexer2@https://registry.npmjs.org/duplexer2/-/duplexer2-0.1.4.tgz. Extracting by manifest.
212 silly tarball no local data for traverse@https://registry.npmjs.org/traverse/-/traverse-0.3.9.tgz. Extracting by manifest.
213 silly tarball no local data for binary@https://registry.npmjs.org/binary/-/binary-0.3.0.tgz. Extracting by manifest.
214 silly tarball no local data for big-integer@https://registry.npmjs.org/big-integer/-/big-integer-1.6.52.tgz. Extracting by manifest.
215 silly tarball no local data for bl@https://registry.npmjs.org/bl/-/bl-4.1.0.tgz. Extracting by manifest.
216 silly tarball no local data for end-of-stream@https://registry.npmjs.org/end-of-stream/-/end-of-stream-1.4.5.tgz. Extracting by manifest.
217 silly tarball no local data for fs-constants@https://registry.npmjs.org/fs-constants/-/fs-constants-1.0.0.tgz. Extracting by manifest.
218 silly tarball no local data for setimmediate@https://registry.npmjs.org/setimmediate/-/setimmediate-1.0.5.tgz. Extracting by manifest.
219 silly tarball no local data for immediate@https://registry.npmjs.org/immediate/-/immediate-3.0.6.tgz. Extracting by manifest.
220 silly tarball no local data for pako@https://registry.npmjs.org/pako/-/pako-1.0.11.tgz. Extracting by manifest.
221 silly tarball no local data for lie@https://registry.npmjs.org/lie/-/lie-3.3.0.tgz. Extracting by manifest.
222 silly tarball no local data for lodash.isundefined@https://registry.npmjs.org/lodash.isundefined/-/lodash.isundefined-3.0.1.tgz. Extracting by manifest.
223 silly tarball no local data for lodash.groupby@https://registry.npmjs.org/lodash.groupby/-/lodash.groupby-4.6.0.tgz. Extracting by manifest.
224 silly tarball no local data for lodash.isnil@https://registry.npmjs.org/lodash.isnil/-/lodash.isnil-4.0.0.tgz. Extracting by manifest.
225 silly tarball no local data for @fast-csv/parse@https://registry.npmjs.org/@fast-csv/parse/-/parse-4.3.6.tgz. Extracting by manifest.
226 silly tarball no local data for lodash.isfunction@https://registry.npmjs.org/lodash.isfunction/-/lodash.isfunction-3.0.9.tgz. Extracting by manifest.
227 silly tarball no local data for lodash.isequal@https://registry.npmjs.org/lodash.isequal/-/lodash.isequal-4.5.0.tgz. Extracting by manifest.
228 silly tarball no local data for lodash.isboolean@https://registry.npmjs.org/lodash.isboolean/-/lodash.isboolean-3.0.3.tgz. Extracting by manifest.
229 silly tarball no local data for lodash.escaperegexp@https://registry.npmjs.org/lodash.escaperegexp/-/lodash.escaperegexp-4.1.2.tgz. Extracting by manifest.
230 silly tarball no local data for lodash.union@https://registry.npmjs.org/lodash.union/-/lodash.union-4.6.0.tgz. Extracting by manifest.
231 silly tarball no local data for @fast-csv/format@https://registry.npmjs.org/@fast-csv/format/-/format-4.3.5.tgz. Extracting by manifest.
232 silly tarball no local data for lodash.difference@https://registry.npmjs.org/lodash.difference/-/lodash.difference-4.5.0.tgz. Extracting by manifest.
233 silly tarball no local data for lodash.isplainobject@https://registry.npmjs.org/lodash.isplainobject/-/lodash.isplainobject-4.0.6.tgz. Extracting by manifest.
234 silly tarball no local data for lodash.flatten@https://registry.npmjs.org/lodash.flatten/-/lodash.flatten-4.4.0.tgz. Extracting by manifest.
235 silly tarball no local data for lodash.defaults@https://registry.npmjs.org/lodash.defaults/-/lodash.defaults-4.2.0.tgz. Extracting by manifest.
236 silly tarball no local data for lazystream@https://registry.npmjs.org/lazystream/-/lazystream-1.0.1.tgz. Extracting by manifest.
237 silly tarball no local data for readdir-glob@https://registry.npmjs.org/readdir-glob/-/readdir-glob-1.1.3.tgz. Extracting by manifest.
238 silly tarball no local data for zip-stream@https://registry.npmjs.org/zip-stream/-/zip-stream-4.1.1.tgz. Extracting by manifest.
239 silly tarball no local data for buffer-crc32@https://registry.npmjs.org/buffer-crc32/-/buffer-crc32-0.2.13.tgz. Extracting by manifest.
240 silly tarball no local data for tar-stream@https://registry.npmjs.org/tar-stream/-/tar-stream-2.2.0.tgz. Extracting by manifest.
241 silly tarball no local data for rimraf@https://registry.npmjs.org/rimraf/-/rimraf-2.7.1.tgz. Extracting by manifest.
242 silly tarball no local data for string_decoder@https://registry.npmjs.org/string_decoder/-/string_decoder-1.1.1.tgz. Extracting by manifest.
243 silly tarball no local data for archiver-utils@https://registry.npmjs.org/archiver-utils/-/archiver-utils-2.1.0.tgz. Extracting by manifest.
244 silly tarball no local data for tmp@https://registry.npmjs.org/tmp/-/tmp-0.2.3.tgz. Extracting by manifest.
245 silly tarball no local data for unzipper@https://registry.npmjs.org/unzipper/-/unzipper-0.10.14.tgz. Extracting by manifest.
246 silly tarball no local data for fast-csv@https://registry.npmjs.org/fast-csv/-/fast-csv-4.3.6.tgz. Extracting by manifest.
247 silly tarball no local data for jszip@https://registry.npmjs.org/jszip/-/jszip-3.10.1.tgz. Extracting by manifest.
248 silly tarball no local data for archiver@https://registry.npmjs.org/archiver/-/archiver-5.3.2.tgz. Extracting by manifest.
249 silly tarball no local data for dayjs@https://registry.npmjs.org/dayjs/-/dayjs-1.11.13.tgz. Extracting by manifest.
250 silly tarball no local data for buffer@https://registry.npmjs.org/buffer/-/buffer-5.7.1.tgz. Extracting by manifest.
251 silly tarball no local data for readable-stream@https://registry.npmjs.org/readable-stream/-/readable-stream-2.3.8.tgz. Extracting by manifest.
252 silly tarball no local data for exceljs@https://registry.npmjs.org/exceljs/-/exceljs-4.4.0.tgz. Extracting by manifest.
253 silly tarball no local data for @types/node@https://registry.npmjs.org/@types/node/-/node-14.18.63.tgz. Extracting by manifest.
254 silly tarball no local data for @types/node@https://registry.npmjs.org/@types/node/-/node-14.18.63.tgz. Extracting by manifest.
255 silly tarball no local data for safe-buffer@https://registry.npmjs.org/safe-buffer/-/safe-buffer-5.1.2.tgz. Extracting by manifest.
256 silly tarball no local data for safe-buffer@https://registry.npmjs.org/safe-buffer/-/safe-buffer-5.1.2.tgz. Extracting by manifest.
257 silly tarball no local data for isarray@https://registry.npmjs.org/isarray/-/isarray-1.0.0.tgz. Extracting by manifest.
258 silly tarball no local data for string_decoder@https://registry.npmjs.org/string_decoder/-/string_decoder-1.1.1.tgz. Extracting by manifest.
259 silly tarball no local data for string_decoder@https://registry.npmjs.org/string_decoder/-/string_decoder-1.1.1.tgz. Extracting by manifest.
260 silly tarball no local data for archiver-utils@https://registry.npmjs.org/archiver-utils/-/archiver-utils-3.0.4.tgz. Extracting by manifest.
261 silly tarball no local data for readable-stream@https://registry.npmjs.org/readable-stream/-/readable-stream-2.3.8.tgz. Extracting by manifest.
262 silly tarball no local data for safe-buffer@https://registry.npmjs.org/safe-buffer/-/safe-buffer-5.1.2.tgz. Extracting by manifest.
263 silly tarball no local data for minimatch@https://registry.npmjs.org/minimatch/-/minimatch-5.1.6.tgz. Extracting by manifest.
264 silly tarball no local data for isarray@https://registry.npmjs.org/isarray/-/isarray-1.0.0.tgz. Extracting by manifest.
265 silly tarball no local data for brace-expansion@https://registry.npmjs.org/brace-expansion/-/brace-expansion-2.0.2.tgz. Extracting by manifest.
266 silly tarball no local data for safe-buffer@https://registry.npmjs.org/safe-buffer/-/safe-buffer-5.1.2.tgz. Extracting by manifest.
267 silly tarball no local data for string_decoder@https://registry.npmjs.org/string_decoder/-/string_decoder-1.1.1.tgz. Extracting by manifest.
268 silly tarball no local data for string_decoder@https://registry.npmjs.org/string_decoder/-/string_decoder-1.1.1.tgz. Extracting by manifest.
269 silly tarball no local data for readable-stream@https://registry.npmjs.org/readable-stream/-/readable-stream-2.3.8.tgz. Extracting by manifest.
270 silly tarball no local data for isarray@https://registry.npmjs.org/isarray/-/isarray-1.0.0.tgz. Extracting by manifest.
271 silly tarball no local data for readable-stream@https://registry.npmjs.org/readable-stream/-/readable-stream-2.3.8.tgz. Extracting by manifest.
272 silly tarball no local data for bluebird@https://registry.npmjs.org/bluebird/-/bluebird-3.4.7.tgz. Extracting by manifest.
273 silly tarball no local data for isarray@https://registry.npmjs.org/isarray/-/isarray-1.0.0.tgz. Extracting by manifest.
274 silly tarball no local data for safe-buffer@https://registry.npmjs.org/safe-buffer/-/safe-buffer-5.1.2.tgz. Extracting by manifest.
275 silly tarball no local data for isarray@https://registry.npmjs.org/isarray/-/isarray-1.0.0.tgz. Extracting by manifest.
276 silly tarball no local data for readable-stream@https://registry.npmjs.org/readable-stream/-/readable-stream-2.3.8.tgz. Extracting by manifest.
277 http fetch GET 200 https://registry.npmjs.org/chainsaw/-/chainsaw-0.1.0.tgz 702ms (cache miss)
278 http fetch GET 200 https://registry.npmjs.org/listenercount/-/listenercount-1.0.1.tgz 701ms (cache miss)
279 http fetch GET 200 https://registry.npmjs.org/buffer-indexof-polyfill/-/buffer-indexof-polyfill-1.0.2.tgz 714ms (cache miss)
280 http fetch GET 200 https://registry.npmjs.org/crc32-stream/-/crc32-stream-4.0.3.tgz 780ms (cache miss)
281 http fetch GET 200 https://registry.npmjs.org/compress-commons/-/compress-commons-4.1.2.tgz 789ms (cache miss)
282 http fetch GET 200 https://registry.npmjs.org/lodash.isundefined/-/lodash.isundefined-3.0.1.tgz 786ms (cache miss)
283 http fetch GET 200 https://registry.npmjs.org/buffers/-/buffers-0.1.1.tgz 802ms (cache miss)
284 http fetch GET 200 https://registry.npmjs.org/lodash.union/-/lodash.union-4.6.0.tgz 794ms (cache miss)
285 http fetch GET 200 https://registry.npmjs.org/immediate/-/immediate-3.0.6.tgz 818ms (cache miss)
286 http fetch GET 200 https://registry.npmjs.org/lodash.isnil/-/lodash.isnil-4.0.0.tgz 846ms (cache miss)
287 http fetch GET 200 https://registry.npmjs.org/lodash.isfunction/-/lodash.isfunction-3.0.9.tgz 846ms (cache miss)
288 http fetch GET 200 https://registry.npmjs.org/lodash.isequal/-/lodash.isequal-4.5.0.tgz 847ms (cache miss)
289 http fetch GET 200 https://registry.npmjs.org/setimmediate/-/setimmediate-1.0.5.tgz 862ms (cache miss)
290 http fetch GET 200 https://registry.npmjs.org/duplexer2/-/duplexer2-0.1.4.tgz 869ms (cache miss)
291 http fetch GET 200 https://registry.npmjs.org/fs-constants/-/fs-constants-1.0.0.tgz 891ms (cache miss)
292 http fetch GET 200 https://registry.npmjs.org/lodash.difference/-/lodash.difference-4.5.0.tgz 880ms (cache miss)
293 http fetch GET 200 https://registry.npmjs.org/lodash.defaults/-/lodash.defaults-4.2.0.tgz 877ms (cache miss)
294 http fetch GET 200 https://registry.npmjs.org/lodash.flatten/-/lodash.flatten-4.4.0.tgz 879ms (cache miss)
295 http fetch GET 200 https://registry.npmjs.org/lodash.isboolean/-/lodash.isboolean-3.0.3.tgz 898ms (cache miss)
296 http fetch GET 200 https://registry.npmjs.org/lodash.escaperegexp/-/lodash.escaperegexp-4.1.2.tgz 900ms (cache miss)
297 http fetch GET 200 https://registry.npmjs.org/lodash.groupby/-/lodash.groupby-4.6.0.tgz 907ms (cache miss)
298 http fetch GET 200 https://registry.npmjs.org/readdir-glob/-/readdir-glob-1.1.3.tgz 898ms (cache miss)
299 http fetch GET 200 https://registry.npmjs.org/lodash.isplainobject/-/lodash.isplainobject-4.0.6.tgz 907ms (cache miss)
300 http fetch GET 200 https://registry.npmjs.org/tmp/-/tmp-0.2.3.tgz 897ms (cache miss)
301 warn deprecated lodash.isequal@4.5.0: This package is deprecated. Use require('node:util').isDeepStrictEqual instead.
302 http fetch GET 200 https://registry.npmjs.org/archiver/-/archiver-5.3.2.tgz 913ms (cache miss)
303 http fetch GET 200 https://registry.npmjs.org/end-of-stream/-/end-of-stream-1.4.5.tgz 964ms (cache miss)
304 http fetch GET 200 https://registry.npmjs.org/lazystream/-/lazystream-1.0.1.tgz 959ms (cache miss)
305 http fetch GET 200 https://registry.npmjs.org/minimatch/-/minimatch-5.1.6.tgz 957ms (cache miss)
306 http fetch GET 200 https://registry.npmjs.org/safe-buffer/-/safe-buffer-5.1.2.tgz 959ms (cache miss)
307 http fetch GET 200 https://registry.npmjs.org/isarray/-/isarray-1.0.0.tgz 980ms (cache miss)
308 http fetch GET 200 https://registry.npmjs.org/string_decoder/-/string_decoder-1.1.1.tgz 1007ms (cache miss)
309 http fetch GET 200 https://registry.npmjs.org/safe-buffer/-/safe-buffer-5.1.2.tgz 996ms (cache miss)
310 http fetch GET 200 https://registry.npmjs.org/brace-expansion/-/brace-expansion-2.0.2.tgz 996ms (cache miss)
311 http fetch GET 200 https://registry.npmjs.org/safe-buffer/-/safe-buffer-5.1.2.tgz 991ms (cache miss)
312 http fetch GET 200 https://registry.npmjs.org/buffer-crc32/-/buffer-crc32-0.2.13.tgz 1025ms (cache miss)
313 http fetch GET 200 https://registry.npmjs.org/isarray/-/isarray-1.0.0.tgz 1005ms (cache miss)
314 http fetch GET 200 https://registry.npmjs.org/isarray/-/isarray-1.0.0.tgz 1000ms (cache miss)
315 http fetch GET 200 https://registry.npmjs.org/isarray/-/isarray-1.0.0.tgz 999ms (cache miss)
316 http fetch GET 200 https://registry.npmjs.org/archiver-utils/-/archiver-utils-3.0.4.tgz 1009ms (cache miss)
317 http fetch GET 200 https://registry.npmjs.org/archiver-utils/-/archiver-utils-2.1.0.tgz 1047ms (cache miss)
318 http fetch GET 200 https://registry.npmjs.org/string_decoder/-/string_decoder-1.1.1.tgz 1040ms (cache miss)
319 http fetch GET 200 https://registry.npmjs.org/string_decoder/-/string_decoder-1.1.1.tgz 1041ms (cache miss)
320 http fetch GET 200 https://registry.npmjs.org/string_decoder/-/string_decoder-1.1.1.tgz 1038ms (cache miss)
321 http fetch GET 200 https://registry.npmjs.org/string_decoder/-/string_decoder-1.1.1.tgz 1043ms (cache miss)
322 http fetch GET 200 https://registry.npmjs.org/rimraf/-/rimraf-2.7.1.tgz 1069ms (cache miss)
323 warn deprecated rimraf@2.7.1: Rimraf versions prior to v4 are no longer supported
324 http fetch GET 200 https://registry.npmjs.org/zip-stream/-/zip-stream-4.1.1.tgz 1091ms (cache miss)
325 http fetch GET 200 https://registry.npmjs.org/buffer/-/buffer-5.7.1.tgz 1090ms (cache miss)
326 http fetch GET 200 https://registry.npmjs.org/fast-csv/-/fast-csv-4.3.6.tgz 1097ms (cache miss)
327 http fetch GET 200 https://registry.npmjs.org/isarray/-/isarray-1.0.0.tgz 1108ms (cache miss)
328 http fetch GET 200 https://registry.npmjs.org/safe-buffer/-/safe-buffer-5.1.2.tgz 1201ms (cache miss)
329 http fetch GET 200 https://registry.npmjs.org/safe-buffer/-/safe-buffer-5.1.2.tgz 1207ms (cache miss)
330 http fetch GET 200 https://registry.npmjs.org/lie/-/lie-3.3.0.tgz 1256ms (cache miss)
331 http fetch GET 200 https://registry.npmjs.org/tar-stream/-/tar-stream-2.2.0.tgz 1247ms (cache miss)
332 http fetch GET 200 https://registry.npmjs.org/bl/-/bl-4.1.0.tgz 1317ms (cache miss)
333 http fetch GET 200 https://registry.npmjs.org/big-integer/-/big-integer-1.6.52.tgz 1368ms (cache miss)
334 http fetch GET 200 https://registry.npmjs.org/traverse/-/traverse-0.3.9.tgz 1481ms (cache miss)
335 http fetch GET 200 https://registry.npmjs.org/unzipper/-/unzipper-0.10.14.tgz 1468ms (cache miss)
336 http fetch GET 200 https://registry.npmjs.org/fstream/-/fstream-1.0.12.tgz 1501ms (cache miss)
337 warn deprecated fstream@1.0.12: This package is no longer supported.
338 http fetch GET 200 https://registry.npmjs.org/readable-stream/-/readable-stream-2.3.8.tgz 1494ms (cache miss)
339 http fetch GET 200 https://registry.npmjs.org/@fast-csv/format/-/format-4.3.5.tgz 1511ms (cache miss)
340 http fetch GET 200 https://registry.npmjs.org/readable-stream/-/readable-stream-2.3.8.tgz 1470ms (cache miss)
341 http fetch GET 200 https://registry.npmjs.org/readable-stream/-/readable-stream-2.3.8.tgz 1482ms (cache miss)
342 http fetch GET 200 https://registry.npmjs.org/readable-stream/-/readable-stream-2.3.8.tgz 1489ms (cache miss)
343 http fetch GET 200 https://registry.npmjs.org/readable-stream/-/readable-stream-2.3.8.tgz 1531ms (cache miss)
344 http fetch GET 200 https://registry.npmjs.org/binary/-/binary-0.3.0.tgz 1655ms (cache miss)
345 http fetch GET 200 https://registry.npmjs.org/pako/-/pako-1.0.11.tgz 1658ms (cache miss)
346 http fetch GET 200 https://registry.npmjs.org/@fast-csv/parse/-/parse-4.3.6.tgz 1755ms (cache miss)
347 http fetch GET 200 https://registry.npmjs.org/bluebird/-/bluebird-3.4.7.tgz 1747ms (cache miss)
348 http fetch GET 200 https://registry.npmjs.org/jszip/-/jszip-3.10.1.tgz 1821ms (cache miss)
349 http fetch GET 200 https://registry.npmjs.org/@types/node/-/node-14.18.63.tgz 2153ms (cache miss)
350 http fetch GET 200 https://registry.npmjs.org/@types/node/-/node-14.18.63.tgz 2163ms (cache miss)
351 http fetch GET 200 https://registry.npmjs.org/dayjs/-/dayjs-1.11.13.tgz 3438ms (cache miss)
352 http fetch GET 200 https://registry.npmjs.org/exceljs/-/exceljs-4.4.0.tgz 4548ms (cache miss)
353 silly ADD node_modules/crc32-stream
354 silly ADD node_modules/compress-commons
355 silly ADD node_modules/traverse
356 silly ADD node_modules/chainsaw
357 silly ADD node_modules/buffers
358 silly ADD node_modules/listenercount
359 silly ADD node_modules/fstream
360 silly ADD node_modules/fstream/node_modules/rimraf
361 silly ADD node_modules/duplexer2
362 silly ADD node_modules/duplexer2/node_modules/string_decoder
363 silly ADD node_modules/duplexer2/node_modules/safe-buffer
364 silly ADD node_modules/duplexer2/node_modules/isarray
365 silly ADD node_modules/duplexer2/node_modules/readable-stream
366 silly ADD node_modules/buffer-indexof-polyfill
367 silly ADD node_modules/binary
368 silly ADD node_modules/big-integer
369 silly ADD node_modules/fs-constants
370 silly ADD node_modules/end-of-stream
371 silly ADD node_modules/bl
372 silly ADD node_modules/bl/node_modules/buffer
373 silly ADD node_modules/immediate
374 silly ADD node_modules/setimmediate
375 silly ADD node_modules/pako
376 silly ADD node_modules/lie
377 silly ADD node_modules/lodash.isundefined
378 silly ADD node_modules/lodash.groupby
379 silly ADD node_modules/lodash.isnil
380 silly ADD node_modules/lodash.isfunction
381 silly ADD node_modules/lodash.isequal
382 silly ADD node_modules/lodash.isboolean
383 silly ADD node_modules/lodash.escaperegexp
384 silly ADD node_modules/@fast-csv/parse
385 silly ADD node_modules/@fast-csv/parse/node_modules/@types/node
386 silly ADD node_modules/@fast-csv/format
387 silly ADD node_modules/@fast-csv/format/node_modules/@types/node
388 silly ADD node_modules/lodash.union
389 silly ADD node_modules/lodash.isplainobject
390 silly ADD node_modules/lodash.flatten
391 silly ADD node_modules/lodash.difference
392 silly ADD node_modules/lodash.defaults
393 silly ADD node_modules/lazystream
394 silly ADD node_modules/lazystream/node_modules/string_decoder
395 silly ADD node_modules/lazystream/node_modules/safe-buffer
396 silly ADD node_modules/lazystream/node_modules/isarray
397 silly ADD node_modules/lazystream/node_modules/readable-stream
398 silly ADD node_modules/zip-stream
399 silly ADD node_modules/zip-stream/node_modules/archiver-utils
400 silly ADD node_modules/tar-stream
401 silly ADD node_modules/readdir-glob
402 silly ADD node_modules/readdir-glob/node_modules/brace-expansion
403 silly ADD node_modules/readdir-glob/node_modules/minimatch
404 silly ADD node_modules/buffer-crc32
405 silly ADD node_modules/archiver-utils
406 silly ADD node_modules/archiver-utils/node_modules/string_decoder
407 silly ADD node_modules/archiver-utils/node_modules/safe-buffer
408 silly ADD node_modules/archiver-utils/node_modules/isarray
409 silly ADD node_modules/archiver-utils/node_modules/readable-stream
410 silly ADD node_modules/unzipper
411 silly ADD node_modules/unzipper/node_modules/string_decoder
412 silly ADD node_modules/unzipper/node_modules/safe-buffer
413 silly ADD node_modules/unzipper/node_modules/isarray
414 silly ADD node_modules/unzipper/node_modules/readable-stream
415 silly ADD node_modules/unzipper/node_modules/bluebird
416 silly ADD node_modules/tmp
417 silly ADD node_modules/jszip
418 silly ADD node_modules/jszip/node_modules/string_decoder
419 silly ADD node_modules/jszip/node_modules/safe-buffer
420 silly ADD node_modules/jszip/node_modules/isarray
421 silly ADD node_modules/jszip/node_modules/readable-stream
422 silly ADD node_modules/fast-csv
423 silly ADD node_modules/dayjs
424 silly ADD node_modules/archiver
425 silly ADD node_modules/exceljs
426 silly ADD
427 verbose exit 0
428 info ok
