0 verbose cli C:\Program Files\nodejs\node.exe C:\Program Files\nodejs\node_modules\npm\bin\npm-cli.js
1 info using npm@10.7.0
2 info using node@v20.15.0
3 silly config:load:file:C:\Program Files\nodejs\node_modules\npm\npmrc
4 silly config:load:file:C:\Users\s0105\OneDrive\바탕 화면\jegomap2\.npmrc
5 silly config:load:file:C:\Users\s0105\.npmrc
6 silly config:load:file:C:\Users\s0105\AppData\Roaming\npm\etc\npmrc
7 verbose title npm install tesseract.js
8 verbose argv "install" "tesseract.js"
9 verbose logfile logs-max:10 dir:C:\Users\s0105\OneDrive\바탕 화면\jegomap2\.npm-cache\_logs\2025-07-16T12_45_47_090Z-
10 verbose logfile C:\Users\s0105\OneDrive\바탕 화면\jegomap2\.npm-cache\_logs\2025-07-16T12_45_47_090Z-debug-0.log
11 silly logfile done cleaning log files
12 silly idealTree buildDeps
13 silly fetch manifest tesseract.js@*
14 verbose shrinkwrap failed to load node_modules/.package-lock.json out of date, updated: node_modules
15 http fetch GET 200 https://registry.npmjs.org/tesseract.js 3223ms (cache miss)
16 silly placeDep ROOT tesseract.js@6.0.1 OK for: (주)브이아이피플러스@1.0.0 want: *
17 silly fetch manifest bmp-js@^0.1.0
18 silly fetch manifest idb-keyval@^6.2.0
19 silly fetch manifest is-url@^1.2.4
20 silly fetch manifest opencollective-postinstall@^2.0.3
21 silly fetch manifest regenerator-runtime@^0.13.3
22 silly fetch manifest tesseract.js-core@^6.0.0
23 silly fetch manifest wasm-feature-detect@^1.2.11
24 http fetch GET 200 https://registry.npmjs.org/bmp-js 58ms (cache miss)
25 silly fetch manifest zlibjs@^0.3.1
26 http fetch GET 200 https://registry.npmjs.org/wasm-feature-detect 105ms (cache miss)
27 http fetch GET 200 https://registry.npmjs.org/tesseract.js-core 108ms (cache miss)
28 http fetch GET 200 https://registry.npmjs.org/regenerator-runtime 138ms (cache miss)
29 http fetch GET 200 https://registry.npmjs.org/is-url 140ms (cache miss)
30 http fetch GET 200 https://registry.npmjs.org/opencollective-postinstall 141ms (cache miss)
31 http fetch GET 200 https://registry.npmjs.org/idb-keyval 150ms (cache miss)
32 http fetch GET 200 https://registry.npmjs.org/zlibjs 96ms (cache miss)
33 silly placeDep ROOT bmp-js@0.1.0 OK for: tesseract.js@6.0.1 want: ^0.1.0
34 silly placeDep ROOT idb-keyval@6.2.2 OK for: tesseract.js@6.0.1 want: ^6.2.0
35 silly placeDep ROOT is-url@1.2.4 OK for: tesseract.js@6.0.1 want: ^1.2.4
36 silly placeDep ROOT opencollective-postinstall@2.0.3 OK for: tesseract.js@6.0.1 want: ^2.0.3
37 silly placeDep node_modules/tesseract.js regenerator-runtime@0.13.11 OK for: tesseract.js@6.0.1 want: ^0.13.3
38 silly placeDep ROOT tesseract.js-core@6.0.0 OK for: tesseract.js@6.0.1 want: ^6.0.0
39 silly placeDep ROOT wasm-feature-detect@1.8.0 OK for: tesseract.js@6.0.1 want: ^1.2.11
40 silly placeDep ROOT zlibjs@0.3.1 OK for: tesseract.js@6.0.1 want: ^0.3.1
41 silly reify moves {}
42 verbose reify failed optional dependency C:\Users\s0105\OneDrive\바탕 화면\jegomap2\node_modules\fsevents
43 silly reify mark deleted [
43 silly reify   'C:\\Users\\s0105\\OneDrive\\바탕 화면\\jegomap2\\node_modules\\fsevents'
43 silly reify ]
44 silly tarball no local data for zlibjs@https://registry.npmjs.org/zlibjs/-/zlibjs-0.3.1.tgz. Extracting by manifest.
45 silly tarball no local data for tesseract.js-core@https://registry.npmjs.org/tesseract.js-core/-/tesseract.js-core-6.0.0.tgz. Extracting by manifest.
46 silly tarball no local data for wasm-feature-detect@https://registry.npmjs.org/wasm-feature-detect/-/wasm-feature-detect-1.8.0.tgz. Extracting by manifest.
47 silly tarball no local data for opencollective-postinstall@https://registry.npmjs.org/opencollective-postinstall/-/opencollective-postinstall-2.0.3.tgz. Extracting by manifest.
48 silly tarball no local data for is-url@https://registry.npmjs.org/is-url/-/is-url-1.2.4.tgz. Extracting by manifest.
49 silly tarball no local data for regenerator-runtime@https://registry.npmjs.org/regenerator-runtime/-/regenerator-runtime-0.13.11.tgz. Extracting by manifest.
50 silly tarball no local data for idb-keyval@https://registry.npmjs.org/idb-keyval/-/idb-keyval-6.2.2.tgz. Extracting by manifest.
51 silly tarball no local data for bmp-js@https://registry.npmjs.org/bmp-js/-/bmp-js-0.1.0.tgz. Extracting by manifest.
52 silly tarball no local data for tesseract.js@https://registry.npmjs.org/tesseract.js/-/tesseract.js-6.0.1.tgz. Extracting by manifest.
53 http fetch GET 200 https://registry.npmjs.org/opencollective-postinstall/-/opencollective-postinstall-2.0.3.tgz 91ms (cache miss)
54 http fetch GET 200 https://registry.npmjs.org/is-url/-/is-url-1.2.4.tgz 104ms (cache miss)
55 http fetch GET 200 https://registry.npmjs.org/regenerator-runtime/-/regenerator-runtime-0.13.11.tgz 115ms (cache miss)
56 http fetch GET 200 https://registry.npmjs.org/wasm-feature-detect/-/wasm-feature-detect-1.8.0.tgz 129ms (cache miss)
57 http fetch GET 200 https://registry.npmjs.org/idb-keyval/-/idb-keyval-6.2.2.tgz 276ms (cache miss)
58 http fetch GET 200 https://registry.npmjs.org/bmp-js/-/bmp-js-0.1.0.tgz 323ms (cache miss)
59 http fetch GET 200 https://registry.npmjs.org/zlibjs/-/zlibjs-0.3.1.tgz 417ms (cache miss)
60 http fetch GET 200 https://registry.npmjs.org/tesseract.js/-/tesseract.js-6.0.1.tgz 550ms (cache miss)
61 http fetch GET 200 https://registry.npmjs.org/tesseract.js-core/-/tesseract.js-core-6.0.0.tgz 1180ms (cache miss)
62 info run tesseract.js@6.0.1 postinstall node_modules/tesseract.js opencollective-postinstall || true
63 info run tesseract.js@6.0.1 postinstall { code: 0, signal: null }
64 silly ADD node_modules/zlibjs
65 silly ADD node_modules/wasm-feature-detect
66 silly ADD node_modules/tesseract.js-core
67 silly ADD node_modules/opencollective-postinstall
68 silly ADD node_modules/is-url
69 silly ADD node_modules/idb-keyval
70 silly ADD node_modules/bmp-js
71 silly ADD node_modules/tesseract.js
72 silly ADD node_modules/tesseract.js/node_modules/regenerator-runtime
73 silly ADD
74 verbose exit 0
75 info ok
