0 verbose cli C:\Program Files\nodejs\node.exe C:\Program Files\nodejs\node_modules\npm\bin\npm-cli.js
1 info using npm@10.7.0
2 info using node@v20.15.0
3 silly config:load:file:C:\Program Files\nodejs\node_modules\npm\npmrc
4 silly config:load:file:C:\Users\s0105\OneDrive\바탕 화면\jegomap2\.npmrc
5 silly config:load:file:C:\Users\s0105\.npmrc
6 silly config:load:file:C:\Users\s0105\AppData\Roaming\npm\etc\npmrc
7 verbose title npm install xlsx
8 verbose argv "install" "xlsx"
9 verbose logfile logs-max:10 dir:C:\Users\s0105\OneDrive\바탕 화면\jegomap2\.npm-cache\_logs\2025-07-16T18_46_46_588Z-
10 verbose logfile C:\Users\s0105\OneDrive\바탕 화면\jegomap2\.npm-cache\_logs\2025-07-16T18_46_46_588Z-debug-0.log
11 silly logfile done cleaning log files
12 silly idealTree buildDeps
13 silly fetch manifest xlsx@^0.18.5
14 http fetch GET 200 https://registry.npmjs.org/xlsx 1041ms (cache miss)
15 silly placeDep ROOT xlsx@0.18.5 REPLACE for: (주)브이아이피플러스@1.0.0 want: ^0.18.5
16 silly reify moves {}
17 verbose reify failed optional dependency C:\Users\s0105\OneDrive\바탕 화면\jegomap2\node_modules\fsevents
18 silly reify mark deleted [
18 silly reify   'C:\\Users\\s0105\\OneDrive\\바탕 화면\\jegomap2\\node_modules\\fsevents'
18 silly reify ]
19 silly ADD
20 verbose exit 0
21 info ok
